<?xml version="1.0" encoding="UTF-8"?>
<Site BuildName="(empty)"
	BuildStamp="20240923-1309-Experimental"
	Name="(empty)"
	Generator="ctest-3.22.1"
	CompilerName=""
	CompilerVersion=""
	OSName="Linux"
	Hostname="Dasha-lubyasha"
	OSRelease="6.2.0-36-generic"
	OSVersion="#37~22.04.1-Ubuntu SMP PREEMPT_DYNAMIC Mon Oct  9 15:34:04 UTC 2"
	OSPlatform="x86_64"
	Is64Bits="1"
	VendorString="GenuineIntel"
	VendorID="Intel Corporation"
	FamilyID="6"
	ModelID="154"
	ProcessorCacheSize="12288"
	NumberOfLogicalCPU="12"
	NumberOfPhysicalCPU="10"
	TotalVirtualMemory="0"
	TotalPhysicalMemory="15676"
	LogicalProcessorsPerPhysical="1"
	ProcessorClockFrequency="3618.95"
	>
	<Testing>
		<StartDateTime>Sep 23 16:09 MSK</StartDateTime>
		<StartTestTime>1727096954</StartTestTime>
		<TestList/>
		<EndDateTime>Sep 23 16:09 MSK</EndDateTime>
		<EndTestTime>1727096954</EndTestTime>
		<ElapsedMinutes>0</ElapsedMinutes>
	</Testing>
</Site>
